INFO (com.vincent.core.config.Config:122)- config = config.properties
ERROR (com.vincent.core.config.Config:130)- config.properties (系统找不到指定的文件。)
java.io.FileNotFoundException: config.properties (系统找不到指定的文件。)
	at java.io.FileInputStream.open(Native Method)
	at java.io.FileInputStream.<init>(FileInputStream.java:146)
	at java.io.FileInputStream.<init>(FileInputStream.java:101)
	at com.vincent.core.config.Config.loadConfigFile(Config.java:127)
	at com.vincent.core.config.Config.<clinit>(Config.java:90)
	at com.vincent.core.page.PageLoader.<clinit>(PageLoader.java:20)
INFO (com.vincent.core.config.Config:122)- config = config.properties
ERROR (com.vincent.core.config.Config:130)- config.properties (系统找不到指定的文件。)
java.io.FileNotFoundException: config.properties (系统找不到指定的文件。)
	at java.io.FileInputStream.open(Native Method)
	at java.io.FileInputStream.<init>(FileInputStream.java:146)
	at java.io.FileInputStream.<init>(FileInputStream.java:101)
	at com.vincent.core.config.Config.loadConfigFile(Config.java:127)
	at com.vincent.core.config.Config.<clinit>(Config.java:90)
	at com.vincent.core.page.PageLoader.<clinit>(PageLoader.java:20)
INFO (com.vincent.core.config.Config:122)- config = config.properties
ERROR (com.vincent.core.config.Config:130)- config.properties (系统找不到指定的文件。)
java.io.FileNotFoundException: config.properties (系统找不到指定的文件。)
	at java.io.FileInputStream.open(Native Method)
	at java.io.FileInputStream.<init>(FileInputStream.java:146)
	at java.io.FileInputStream.<init>(FileInputStream.java:101)
	at com.vincent.core.config.Config.loadConfigFile(Config.java:127)
	at com.vincent.core.config.Config.<clinit>(Config.java:90)
	at com.vincent.core.page.PageLoader.<clinit>(PageLoader.java:20)
ERROR (com.vincent.core.config.Config:118)- Exception in thread "main" 
ERROR (com.vincent.core.config.Config:118)- java.lang.NoClassDefFoundError: org/jaxen/JaxenException
ERROR (com.vincent.core.config.Config:118)- 	at org.dom4j.DocumentFactory.createXPath(DocumentFactory.java:230)
ERROR (com.vincent.core.config.Config:118)- 	at org.dom4j.tree.AbstractNode.createXPath(AbstractNode.java:207)
ERROR (com.vincent.core.config.Config:118)- 	at org.dom4j.tree.AbstractNode.selectSingleNode(AbstractNode.java:183)
ERROR (com.vincent.core.config.Config:118)- 	at com.vincent.core.config.Config.<clinit>(Config.java:99)
ERROR (com.vincent.core.config.Config:118)- 	at com.vincent.core.page.PageLoader.<clinit>(PageLoader.java:20)
ERROR (com.vincent.core.config.Config:118)- Caused by: java.lang.ClassNotFoundException: org.jaxen.JaxenException
ERROR (com.vincent.core.config.Config:118)- 	at java.net.URLClassLoader$1.run(URLClassLoader.java:366)
ERROR (com.vincent.core.config.Config:118)- 	at java.net.URLClassLoader$1.run(URLClassLoader.java:355)
ERROR (com.vincent.core.config.Config:118)- 	at java.security.AccessController.doPrivileged(Native Method)
ERROR (com.vincent.core.config.Config:118)- 	at java.net.URLClassLoader.findClass(URLClassLoader.java:354)
ERROR (com.vincent.core.config.Config:118)- 	at java.lang.ClassLoader.loadClass(ClassLoader.java:425)
ERROR (com.vincent.core.config.Config:118)- 	at sun.misc.Launcher$AppClassLoader.loadClass(Launcher.java:308)
ERROR (com.vincent.core.config.Config:118)- 	at java.lang.ClassLoader.loadClass(ClassLoader.java:358)
ERROR (com.vincent.core.config.Config:118)- 	... 5 more
ERROR (com.vincent.core.config.Config:118)- Exception in thread "main" 
ERROR (com.vincent.core.config.Config:118)- java.lang.NoClassDefFoundError: org/jaxen/JaxenException
ERROR (com.vincent.core.config.Config:118)- 	at org.dom4j.DocumentFactory.createXPath(DocumentFactory.java:230)
ERROR (com.vincent.core.config.Config:118)- 	at org.dom4j.tree.AbstractNode.createXPath(AbstractNode.java:207)
ERROR (com.vincent.core.config.Config:118)- 	at org.dom4j.tree.AbstractNode.selectSingleNode(AbstractNode.java:183)
ERROR (com.vincent.core.config.Config:118)- 	at com.vincent.core.config.Config.<clinit>(Config.java:99)
ERROR (com.vincent.core.config.Config:118)- 	at com.vincent.core.page.PageLoader.<clinit>(PageLoader.java:20)
ERROR (com.vincent.core.config.Config:118)- Caused by: java.lang.ClassNotFoundException: org.jaxen.JaxenException
ERROR (com.vincent.core.config.Config:118)- 	at java.net.URLClassLoader$1.run(URLClassLoader.java:366)
ERROR (com.vincent.core.config.Config:118)- 	at java.net.URLClassLoader$1.run(URLClassLoader.java:355)
ERROR (com.vincent.core.config.Config:118)- 	at java.security.AccessController.doPrivileged(Native Method)
ERROR (com.vincent.core.config.Config:118)- 	at java.net.URLClassLoader.findClass(URLClassLoader.java:354)
ERROR (com.vincent.core.config.Config:118)- 	at java.lang.ClassLoader.loadClass(ClassLoader.java:425)
ERROR (com.vincent.core.config.Config:118)- 	at sun.misc.Launcher$AppClassLoader.loadClass(Launcher.java:308)
ERROR (com.vincent.core.config.Config:118)- 	at java.lang.ClassLoader.loadClass(ClassLoader.java:358)
ERROR (com.vincent.core.config.Config:118)- 	... 5 more
INFO (com.vincent.core.config.Config:122)- config = config.properties
ERROR (com.vincent.core.config.Config:130)- config.properties (系统找不到指定的文件。)
java.io.FileNotFoundException: config.properties (系统找不到指定的文件。)
	at java.io.FileInputStream.open(Native Method)
	at java.io.FileInputStream.<init>(FileInputStream.java:146)
	at java.io.FileInputStream.<init>(FileInputStream.java:101)
	at com.vincent.core.config.Config.loadConfigFile(Config.java:127)
	at com.vincent.core.config.Config.<clinit>(Config.java:90)
	at com.vincent.core.page.PageLoader.<clinit>(PageLoader.java:20)
INFO (com.vincent.core.config.Config:122)- config = config.properties
ERROR (com.vincent.core.config.Config:130)- config.properties (系统找不到指定的文件。)
java.io.FileNotFoundException: config.properties (系统找不到指定的文件。)
	at java.io.FileInputStream.open(Native Method)
	at java.io.FileInputStream.<init>(FileInputStream.java:146)
	at java.io.FileInputStream.<init>(FileInputStream.java:101)
	at com.vincent.core.config.Config.loadConfigFile(Config.java:127)
	at com.vincent.core.config.Config.<clinit>(Config.java:90)
	at com.vincent.core.page.PageLoader.<clinit>(PageLoader.java:20)
INFO (com.vincent.core.config.Config:122)- config = config.properties
ERROR (com.vincent.core.config.Config:130)- config.properties (系统找不到指定的文件。)
java.io.FileNotFoundException: config.properties (系统找不到指定的文件。)
	at java.io.FileInputStream.open(Native Method)
	at java.io.FileInputStream.<init>(FileInputStream.java:146)
	at java.io.FileInputStream.<init>(FileInputStream.java:101)
	at com.vincent.core.config.Config.loadConfigFile(Config.java:127)
	at com.vincent.core.config.Config.<clinit>(Config.java:90)
	at com.vincent.core.page.PageLoader.<clinit>(PageLoader.java:20)
INFO (com.vincent.core.config.Config:122)- config = config.properties
ERROR (com.vincent.core.config.Config:130)- config.properties (系统找不到指定的文件。)
java.io.FileNotFoundException: config.properties (系统找不到指定的文件。)
	at java.io.FileInputStream.open(Native Method)
	at java.io.FileInputStream.<init>(FileInputStream.java:146)
	at java.io.FileInputStream.<init>(FileInputStream.java:101)
	at com.vincent.core.config.Config.loadConfigFile(Config.java:127)
	at com.vincent.core.config.Config.<clinit>(Config.java:90)
	at com.vincent.core.page.PageLoader.<clinit>(PageLoader.java:20)
INFO (com.vincent.core.config.Config:121)- config = config.properties
ERROR (com.vincent.core.config.Config:129)- config.properties (系统找不到指定的文件。)
java.io.FileNotFoundException: config.properties (系统找不到指定的文件。)
	at java.io.FileInputStream.open(Native Method)
	at java.io.FileInputStream.<init>(FileInputStream.java:146)
	at java.io.FileInputStream.<init>(FileInputStream.java:101)
	at com.vincent.core.config.Config.loadConfigFile(Config.java:126)
	at com.vincent.core.config.Config.<clinit>(Config.java:89)
	at com.vincent.core.page.PageLoader.<clinit>(PageLoader.java:20)
INFO (com.vincent.core.config.Config:121)- config = config.properties
ERROR (com.vincent.core.config.Config:129)- config.properties (系统找不到指定的文件。)
java.io.FileNotFoundException: config.properties (系统找不到指定的文件。)
	at java.io.FileInputStream.open(Native Method)
	at java.io.FileInputStream.<init>(FileInputStream.java:146)
	at java.io.FileInputStream.<init>(FileInputStream.java:101)
	at com.vincent.core.config.Config.loadConfigFile(Config.java:126)
	at com.vincent.core.config.Config.<clinit>(Config.java:89)
	at com.vincent.core.page.PageLoader.<clinit>(PageLoader.java:20)
INFO (com.vincent.core.config.Config:121)- config = config.properties
ERROR (com.vincent.core.config.Config:129)- config.properties (系统找不到指定的文件。)
java.io.FileNotFoundException: config.properties (系统找不到指定的文件。)
	at java.io.FileInputStream.open(Native Method)
	at java.io.FileInputStream.<init>(FileInputStream.java:146)
	at java.io.FileInputStream.<init>(FileInputStream.java:101)
	at com.vincent.core.config.Config.loadConfigFile(Config.java:126)
	at com.vincent.core.config.Config.<clinit>(Config.java:89)
	at com.vincent.core.page.PageLoader.<clinit>(PageLoader.java:20)
INFO (com.vincent.core.config.Config:121)- config = config.properties
ERROR (com.vincent.core.config.Config:129)- config.properties (系统找不到指定的文件。)
java.io.FileNotFoundException: config.properties (系统找不到指定的文件。)
	at java.io.FileInputStream.open(Native Method)
	at java.io.FileInputStream.<init>(FileInputStream.java:146)
	at java.io.FileInputStream.<init>(FileInputStream.java:101)
	at com.vincent.core.config.Config.loadConfigFile(Config.java:126)
	at com.vincent.core.config.Config.<clinit>(Config.java:89)
	at com.vincent.core.page.PageLoader.<clinit>(PageLoader.java:20)
INFO (com.vincent.core.config.Config:100)- pomGroupId = com.vincent, pomArtifactId = SeleniumFramework
DEBUG (com.vincent.core.page.PageLoader:25)- classFolder = target/test-classes/com\test\page
INFO (com.vincent.core.config.Config:121)- config = config.properties
ERROR (com.vincent.core.config.Config:129)- config.properties (系统找不到指定的文件。)
java.io.FileNotFoundException: config.properties (系统找不到指定的文件。)
	at java.io.FileInputStream.open(Native Method)
	at java.io.FileInputStream.<init>(FileInputStream.java:146)
	at java.io.FileInputStream.<init>(FileInputStream.java:101)
	at com.vincent.core.config.Config.loadConfigFile(Config.java:126)
	at com.vincent.core.config.Config.<clinit>(Config.java:89)
	at com.vincent.core.page.PageLoader.<clinit>(PageLoader.java:20)
INFO (com.vincent.core.config.Config:100)- pomGroupId = com.vincent, pomArtifactId = SeleniumFramework
DEBUG (com.vincent.core.page.PageLoader:25)- classFolder = target/test-classes/com\test\page
INFO (com.vincent.core.config.Config:121)- config = config.properties
ERROR (com.vincent.core.config.Config:129)- config.properties (系统找不到指定的文件。)
java.io.FileNotFoundException: config.properties (系统找不到指定的文件。)
	at java.io.FileInputStream.open(Native Method)
	at java.io.FileInputStream.<init>(FileInputStream.java:146)
	at java.io.FileInputStream.<init>(FileInputStream.java:101)
	at com.vincent.core.config.Config.loadConfigFile(Config.java:126)
	at com.vincent.core.config.Config.<clinit>(Config.java:89)
	at com.vincent.core.page.PageLoader.<clinit>(PageLoader.java:21)
INFO (com.vincent.core.config.Config:100)- pomGroupId = com.vincent, pomArtifactId = SeleniumFramework
DEBUG (com.vincent.core.page.PageLoader:26)- classFolder = target/test-classes/com\test\page
DEBUG (com.vincent.core.page.PageLoader:44)- found page: TestPage, class name = com.test.page.TestPage
ERROR (com.vincent.core.config.Config:118)- Exception in thread "main" 
ERROR (com.vincent.core.config.Config:118)- java.lang.LinkageError: loader (instance of  com/vincent/core/page/PageClassLoader): attempted  duplicate class definition for name: "com/test/page/TestPage"
ERROR (com.vincent.core.config.Config:118)- 	at java.lang.ClassLoader.defineClass1(Native Method)
ERROR (com.vincent.core.config.Config:118)- 	at java.lang.ClassLoader.defineClass(ClassLoader.java:800)
ERROR (com.vincent.core.config.Config:118)- 	at java.lang.ClassLoader.defineClass(ClassLoader.java:643)
ERROR (com.vincent.core.config.Config:118)- 	at com.vincent.core.page.PageClassLoader.defineClass(PageClassLoader.java:17)
ERROR (com.vincent.core.config.Config:118)- 	at com.vincent.core.page.PageLoader.checkUpdate(PageLoader.java:80)
ERROR (com.vincent.core.config.Config:118)- 	at com.vincent.core.page.PageLoader.getPageObject(PageLoader.java:53)
ERROR (com.vincent.core.config.Config:118)- 	at com.vincent.core.page.PageLoader.main(PageLoader.java:91)
INFO (com.vincent.core.config.Config:121)- config = config.properties
ERROR (com.vincent.core.config.Config:129)- config.properties (系统找不到指定的文件。)
java.io.FileNotFoundException: config.properties (系统找不到指定的文件。)
	at java.io.FileInputStream.open(Native Method)
	at java.io.FileInputStream.<init>(FileInputStream.java:146)
	at java.io.FileInputStream.<init>(FileInputStream.java:101)
	at com.vincent.core.config.Config.loadConfigFile(Config.java:126)
	at com.vincent.core.config.Config.<clinit>(Config.java:89)
	at com.vincent.core.page.PageLoader.<clinit>(PageLoader.java:21)
INFO (com.vincent.core.config.Config:100)- pomGroupId = com.vincent, pomArtifactId = SeleniumFramework
DEBUG (com.vincent.core.page.PageLoader:92)- page object TestPage was updated.
DEBUG (com.vincent.core.page.PageLoader:92)- page object TestPage was updated.
DEBUG (com.vincent.core.page.PageLoader:92)- page object TestPage was updated.
DEBUG (com.vincent.core.data.ExcelData:41)- dataFilePath : E:/Working/workspace/mytesting/dataFiles/MavenCentralRepository.xls
DEBUG (com.vincent.core.data.ExcelData:41)- dataFilePath : E:/Working/workspace/mytesting/dataFiles/MavenCentralRepository.xls
DEBUG (com.vincent.core.data.ExcelData:41)- dataFilePath : E:/Working/workspace/mytesting/dataFiles/MavenCentralRepository.xls
DEBUG (com.vincent.core.data.ExcelData:41)- dataFilePath : E:/Working/workspace/mytesting/dataFiles/MavenCentralRepository.xls
DEBUG (com.vincent.core.data.ExcelData:41)- dataFilePath : C:/Users/Administrator/git/vincent-selenium-framework/SeleniumFramework/dataFiles/MavenCentralRepository.xls
DEBUG (com.vincent.core.data.ExcelData:80)- Sheet : TestCase was not found, load test case from the first sheet instead.
DEBUG (com.vincent.core.data.ExcelData:104)- Start row : 0
DEBUG (com.vincent.core.data.ExcelData:105)- Test Case column : 0
DEBUG (com.vincent.core.data.ExcelData:112)- Runs column : 1
DEBUG (com.vincent.core.data.ExcelData:116)- Steps column : 2
DEBUG (com.vincent.core.data.ExcelData:173)- Load test case : 01_Search_ResultNotBlank
DEBUG (com.vincent.core.data.ExcelData:173)- Load test case : 02_Search_NoResult
DEBUG (com.vincent.core.data.ExcelData:51)- Total number of TestCase : 2
DEBUG (com.vincent.core.data.ExcelData:41)- dataFilePath : dataFiles/MavenCentralRepository.xls
DEBUG (com.vincent.core.data.ExcelData:80)- Sheet : TestCase was not found, load test case from the first sheet instead.
DEBUG (com.vincent.core.data.ExcelData:104)- Start row : 0
DEBUG (com.vincent.core.data.ExcelData:105)- Test Case column : 0
DEBUG (com.vincent.core.data.ExcelData:112)- Runs column : 1
DEBUG (com.vincent.core.data.ExcelData:116)- Steps column : 2
DEBUG (com.vincent.core.data.ExcelData:173)- Load test case : 01_Search_ResultNotBlank
DEBUG (com.vincent.core.data.ExcelData:173)- Load test case : 02_Search_NoResult
DEBUG (com.vincent.core.data.ExcelData:51)- Total number of TestCase : 2
INFO (com.vincent.core.execution.ExecutionService:40)- Executing data file : dataFiles/MavenCentralRepository.xls
INFO (com.vincent.core.execution.ExecutionService:41)- Number of test case to be executed: 0
DEBUG (com.vincent.core.data.ExcelData:41)- dataFilePath : dataFiles/MavenCentralRepository.xls
DEBUG (com.vincent.core.data.ExcelData:80)- Sheet : TestCase was not found, load test case from the first sheet instead.
DEBUG (com.vincent.core.data.ExcelData:104)- Start row : 0
DEBUG (com.vincent.core.data.ExcelData:105)- Test Case column : 0
DEBUG (com.vincent.core.data.ExcelData:112)- Runs column : 1
DEBUG (com.vincent.core.data.ExcelData:116)- Steps column : 2
DEBUG (com.vincent.core.data.ExcelData:173)- Load test case : 01_Search_ResultNotBlank
DEBUG (com.vincent.core.data.ExcelData:173)- Load test case : 02_Search_NoResult
DEBUG (com.vincent.core.data.ExcelData:51)- Total number of TestCase : 2
DEBUG (com.vincent.core.data.ExcelData:41)- dataFilePath : dataFiles/MavenCentralRepository.xls
DEBUG (com.vincent.core.data.ExcelData:80)- Sheet : TestCase was not found, load test case from the first sheet instead.
DEBUG (com.vincent.core.data.ExcelData:104)- Start row : 0
DEBUG (com.vincent.core.data.ExcelData:105)- Test Case column : 0
DEBUG (com.vincent.core.data.ExcelData:112)- Runs column : 1
DEBUG (com.vincent.core.data.ExcelData:116)- Steps column : 2
DEBUG (com.vincent.core.data.ExcelData:173)- Load test case : 01_Search_ResultNotBlank
DEBUG (com.vincent.core.data.ExcelData:173)- Load test case : 02_Search_NoResult
DEBUG (com.vincent.core.data.ExcelData:51)- Total number of TestCase : 2
INFO (com.vincent.core.execution.ExecutionService:40)- Executing data file : dataFiles/MavenCentralRepository.xls
INFO (com.vincent.core.execution.ExecutionService:41)- Number of test case to be executed: 2
INFO (com.vincent.core.execution.ExecutionService:44)- Executing 0 test case : 01_Search_ResultNotBlank
INFO (com.vincent.core.execution.ExecutionService:85)- Step : SearchPage.Input
INFO (com.vincent.core.config.Config:121)- config = config.properties
ERROR (com.vincent.core.config.Config:129)- config.properties (系统找不到指定的文件。)
java.io.FileNotFoundException: config.properties (系统找不到指定的文件。)
	at java.io.FileInputStream.open(Native Method)
	at java.io.FileInputStream.<init>(FileInputStream.java:146)
	at java.io.FileInputStream.<init>(FileInputStream.java:101)
	at com.vincent.core.config.Config.loadConfigFile(Config.java:126)
	at com.vincent.core.config.Config.<clinit>(Config.java:89)
	at com.vincent.core.page.PageLoader.<clinit>(PageLoader.java:21)
	at com.vincent.core.execution.ExecutionService.executeTestStep(ExecutionService.java:89)
	at com.vincent.core.execution.ExecutionService.executeTestCase(ExecutionService.java:67)
	at com.vincent.core.execution.ExecutionService.executeTestSet(ExecutionService.java:50)
	at com.vincent.core.execution.ExecutionService.main(ExecutionService.java:135)
INFO (com.vincent.core.config.Config:100)- pomGroupId = com.vincent, pomArtifactId = SeleniumFramework
ERROR (com.vincent.core.page.PageLoader:61)- Page object : SearchPage was not found.
ERROR (com.vincent.core.page.PageLoader:67)- error occurred when init page object : SearchPage
ERROR (com.vincent.core.page.PageLoader:68)- 
java.lang.NullPointerException
	at com.vincent.core.page.PageLoader.getPageObject(PageLoader.java:65)
	at com.vincent.core.execution.ExecutionService.executeTestStep(ExecutionService.java:89)
	at com.vincent.core.execution.ExecutionService.executeTestCase(ExecutionService.java:67)
	at com.vincent.core.execution.ExecutionService.executeTestSet(ExecutionService.java:50)
	at com.vincent.core.execution.ExecutionService.main(ExecutionService.java:135)
INFO (com.vincent.core.report.Report:40)- Step : SearchPage.Input, Fatal, null
ERROR (com.vincent.core.execution.ExecutionService:52)- 
java.lang.NullPointerException
	at com.vincent.core.execution.ExecutionService.executeTestStep(ExecutionService.java:91)
	at com.vincent.core.execution.ExecutionService.executeTestCase(ExecutionService.java:67)
	at com.vincent.core.execution.ExecutionService.executeTestSet(ExecutionService.java:50)
	at com.vincent.core.execution.ExecutionService.main(ExecutionService.java:135)
INFO (com.vincent.core.execution.ExecutionService:44)- Executing 0 test case : 02_Search_NoResult
INFO (com.vincent.core.execution.ExecutionService:85)- Step : SearchPage.Input
ERROR (com.vincent.core.page.PageLoader:61)- Page object : SearchPage was not found.
ERROR (com.vincent.core.page.PageLoader:67)- error occurred when init page object : SearchPage
ERROR (com.vincent.core.page.PageLoader:68)- 
java.lang.NullPointerException
	at com.vincent.core.page.PageLoader.getPageObject(PageLoader.java:65)
	at com.vincent.core.execution.ExecutionService.executeTestStep(ExecutionService.java:89)
	at com.vincent.core.execution.ExecutionService.executeTestCase(ExecutionService.java:67)
	at com.vincent.core.execution.ExecutionService.executeTestSet(ExecutionService.java:50)
	at com.vincent.core.execution.ExecutionService.main(ExecutionService.java:135)
INFO (com.vincent.core.report.Report:40)- Step : SearchPage.Input, Fatal, null
ERROR (com.vincent.core.execution.ExecutionService:52)- 
java.lang.NullPointerException
	at com.vincent.core.execution.ExecutionService.executeTestStep(ExecutionService.java:91)
	at com.vincent.core.execution.ExecutionService.executeTestCase(ExecutionService.java:67)
	at com.vincent.core.execution.ExecutionService.executeTestSet(ExecutionService.java:50)
	at com.vincent.core.execution.ExecutionService.main(ExecutionService.java:135)
